<?xml version="1.0" encoding="UTF-8"?>
<!-- Generated by org.testng.reporters.JUnitReportReporter -->
<testsuite hostname="DESKTOP-SM0MVNU" failures="0" tests="4" name="TestClasses.TestClassTNG2" time="0.020" errors="0" timestamp="2023-03-04T15:04:16 IST" skipped="0">
  <testcase classname="TestClasses.TestClassTNG2" name="test1" time="0.007"/>
  <system-out/>
  <testcase classname="TestClasses.TestClassTNG2" name="test2" time="0.004"/>
  <system-out/>
  <testcase classname="TestClasses.TestClassTNG2" name="test1" time="0.004"/>
  <system-out/>
  <testcase classname="TestClasses.TestClassTNG2" name="test2" time="0.005"/>
  <system-out/>
</testsuite> <!-- TestClasses.TestClassTNG2 -->
